<?xml version="1.0" encoding="UTF-8"?>
<testng-results ignored="0" total="4" passed="4" failed="0" skipped="0">
  <reporter-output>
  </reporter-output>
  <suite started-at="2023-12-10T00:30:58 IST" name="Default suite" finished-at="2023-12-10T00:31:35 IST" duration-ms="36927">
    <groups>
    </groups>
    <test started-at="2023-12-10T00:30:58 IST" name="Default test" finished-at="2023-12-10T00:31:35 IST" duration-ms="36927">
      <class name="Test.Main2">
        <test-method signature="test()[pri:0, instance:Test.Main2@54422e18]" started-at="2023-12-10T00:30:58 IST" name="test" finished-at="2023-12-10T00:31:08 IST" duration-ms="9425" status="PASS">
          <reporter-output>
          </reporter-output>
        </test-method> <!-- test -->
        <test-method signature="test1()[pri:0, instance:Test.Main2@54422e18]" started-at="2023-12-10T00:31:08 IST" name="test1" finished-at="2023-12-10T00:31:15 IST" duration-ms="7194" status="PASS">
          <reporter-output>
          </reporter-output>
        </test-method> <!-- test1 -->
        <test-method signature="test2()[pri:0, instance:Test.Main2@54422e18]" started-at="2023-12-10T00:31:15 IST" name="test2" finished-at="2023-12-10T00:31:21 IST" duration-ms="5777" status="PASS">
          <reporter-output>
          </reporter-output>
        </test-method> <!-- test2 -->
        <test-method signature="test3()[pri:0, instance:Test.Main2@54422e18]" started-at="2023-12-10T00:31:21 IST" name="test3" finished-at="2023-12-10T00:31:35 IST" duration-ms="14458" status="PASS">
          <reporter-output>
          </reporter-output>
        </test-method> <!-- test3 -->
      </class> <!-- Test.Main2 -->
    </test> <!-- Default test -->
  </suite> <!-- Default suite -->
</testng-results>
